<?xml version="1.0" encoding="UTF-8"?>
<testng-results ignored="0" total="1" passed="1" failed="0" skipped="0">
  <reporter-output>
  </reporter-output>
  <suite started-at="2023-12-16T02:23:29 PST" name="Default suite" finished-at="2023-12-16T02:23:35 PST" duration-ms="6234">
    <groups>
    </groups>
    <test started-at="2023-12-16T02:23:29 PST" name="Default test" finished-at="2023-12-16T02:23:35 PST" duration-ms="6234">
      <class name="package1.SauceDemo">
        <test-method signature="launchBrowser()[pri:0, instance:package1.SauceDemo@6ae5aa72]" started-at="2023-12-16T02:23:29 PST" name="launchBrowser" finished-at="2023-12-16T02:23:35 PST" duration-ms="6172" status="PASS">
          <reporter-output>
          </reporter-output>
        </test-method> <!-- launchBrowser -->
      </class> <!-- package1.SauceDemo -->
    </test> <!-- Default test -->
  </suite> <!-- Default suite -->
</testng-results>
