<?xml version="1.0" encoding="UTF-8"?>
<testng-results ignored="0" total="1" passed="1" failed="0" skipped="0">
  <reporter-output>
  </reporter-output>
  <suite started-at="2023-12-15T10:05:31 PST" name="Surefire suite" finished-at="2023-12-15T10:05:31 PST" duration-ms="63">
    <groups>
    </groups>
    <test started-at="2023-12-15T10:05:31 PST" name="Surefire test" finished-at="2023-12-15T10:05:31 PST" duration-ms="63">
      <class name="package1.TestHelloworld">
        <test-method signature="testHelloworld()[pri:0, instance:package1.TestHelloworld@12d3a4e9]" started-at="2023-12-15T10:05:31 PST" name="testHelloworld" finished-at="2023-12-15T10:05:31 PST" duration-ms="8" status="PASS">
          <reporter-output>
          </reporter-output>
        </test-method> <!-- testHelloworld -->
      </class> <!-- package1.TestHelloworld -->
    </test> <!-- Surefire test -->
  </suite> <!-- Surefire suite -->
</testng-results>
